
> frontend@0.0.0 build /home/amit/Documents/Final-Year-Project/pandityatra/frontend
> tsc -b && vite build

vite v7.2.4 building client environment for production...
transforming...
✓ 3868 modules transformed.
rendering chunks...
[plugin vite:reporter] 
(!) /home/amit/Documents/Final-Year-Project/pandityatra/frontend/src/lib/api-client.ts is dynamically imported by /home/amit/Documents/Final-Year-Project/pandityatra/frontend/src/lib/payment-api.ts, /home/amit/Documents/Final-Year-Project/pandityatra/frontend/src/lib/payment-api.ts, /home/amit/Documents/Final-Year-Project/pandityatra/frontend/src/lib/payment-api.ts, /home/amit/Documents/Final-Year-Project/pandityatra/frontend/src/lib/payment-api.ts but also statically imported by /home/amit/Documents/Final-Year-Project/pandityatra/frontend/src/components/profile/EditProfile.tsx, /home/amit/Documents/Final-Year-Project/pandityatra/frontend/src/hooks/useChat.ts, /home/amit/Documents/Final-Year-Project/pandityatra/frontend/src/hooks/useFavorites.tsx, /home/amit/Documents/Final-Year-Project/pandityatra/frontend/src/hooks/useNotifications.ts, /home/amit/Documents/Final-Year-Project/pandityatra/frontend/src/lib/api.ts, /home/amit/Documents/Final-Year-Project/pandityatra/frontend/src/lib/chat-api.ts, /home/amit/Documents/Final-Year-Project/pandityatra/frontend/src/lib/video-api.ts, /home/amit/Documents/Final-Year-Project/pandityatra/frontend/src/pages/Booking/BookingForm.tsx, /home/amit/Documents/Final-Year-Project/pandityatra/frontend/src/pages/Booking/Confirmation.tsx, /home/amit/Documents/Final-Year-Project/pandityatra/frontend/src/pages/Booking/ReviewForm.tsx, /home/amit/Documents/Final-Year-Project/pandityatra/frontend/src/pages/Payment/PaymentPage.tsx, /home/amit/Documents/Final-Year-Project/pandityatra/frontend/src/pages/Payment/PaymentSuccess.tsx, /home/amit/Documents/Final-Year-Project/pandityatra/frontend/src/pages/Shop/Checkout.tsx, /home/amit/Documents/Final-Year-Project/pandityatra/frontend/src/pages/Shop/ShopEsewaVerify.tsx, /home/amit/Documents/Final-Year-Project/pandityatra/frontend/src/pages/Video/PujaRoom.tsx, /home/amit/Documents/Final-Year-Project/pandityatra/frontend/src/pages/admin/AdminActivityLogs.tsx, /home/amit/Documents/Final-Year-Project/pandityatra/frontend/src/pages/admin/AdminPayouts.tsx, /home/amit/Documents/Final-Year-Project/pandityatra/frontend/src/pages/admin/AdminServices.tsx, /home/amit/Documents/Final-Year-Project/pandityatra/frontend/src/pages/admin/AdminSettings.tsx, /home/amit/Documents/Final-Year-Project/pandityatra/frontend/src/pages/admin/AdminUsers.tsx, /home/amit/Documents/Final-Year-Project/pandityatra/frontend/src/pages/auth/PanditRegister.tsx, /home/amit/Documents/Final-Year-Project/pandityatra/frontend/src/pages/customer/CustomerMessages.tsx, /home/amit/Documents/Final-Year-Project/pandityatra/frontend/src/pages/customer/MyBookings.tsx, /home/amit/Documents/Final-Year-Project/pandityatra/frontend/src/pages/pandit/PanditBookings.tsx, /home/amit/Documents/Final-Year-Project/pandityatra/frontend/src/pages/pandit/PanditDashboard.tsx, /home/amit/Documents/Final-Year-Project/pandityatra/frontend/src/pages/pandit/PanditEarnings.tsx, /home/amit/Documents/Final-Year-Project/pandityatra/frontend/src/pages/pandit/PanditMessages.tsx, /home/amit/Documents/Final-Year-Project/pandityatra/frontend/src/pages/pandit/PanditServices.tsx, dynamic import will not move module into another chunk.

[plugin vite:reporter] 
(!) /home/amit/Documents/Final-Year-Project/pandityatra/frontend/src/lib/api.ts is dynamically imported by /home/amit/Documents/Final-Year-Project/pandityatra/frontend/src/pages/Kundali/OfflineKundali.tsx, /home/amit/Documents/Final-Year-Project/pandityatra/frontend/src/pages/Kundali/OfflineKundali.tsx, /home/amit/Documents/Final-Year-Project/pandityatra/frontend/src/pages/Kundali/OfflineKundali.tsx but also statically imported by /home/amit/Documents/Final-Year-Project/pandityatra/frontend/src/components/PanditServicesModal.tsx, /home/amit/Documents/Final-Year-Project/pandityatra/frontend/src/components/dashboard/KundaliHistory.tsx, /home/amit/Documents/Final-Year-Project/pandityatra/frontend/src/components/home/FeaturedPandits.tsx, /home/amit/Documents/Final-Year-Project/pandityatra/frontend/src/components/home/KundaliHighlight.tsx, /home/amit/Documents/Final-Year-Project/pandityatra/frontend/src/components/home/PujaCategories.tsx, /home/amit/Documents/Final-Year-Project/pandityatra/frontend/src/components/home/ReviewsSection.tsx, /home/amit/Documents/Final-Year-Project/pandityatra/frontend/src/components/layout/MegaMenu.tsx, /home/amit/Documents/Final-Year-Project/pandityatra/frontend/src/components/layout/Navbar.tsx, /home/amit/Documents/Final-Year-Project/pandityatra/frontend/src/components/profile/EditProfile.tsx, /home/amit/Documents/Final-Year-Project/pandityatra/frontend/src/hooks/useAuth.tsx, /home/amit/Documents/Final-Year-Project/pandityatra/frontend/src/pages/Booking/PanditList.tsx, /home/amit/Documents/Final-Year-Project/pandityatra/frontend/src/pages/Contact.tsx, /home/amit/Documents/Final-Year-Project/pandityatra/frontend/src/pages/Shop/Books.tsx, /home/amit/Documents/Final-Year-Project/pandityatra/frontend/src/pages/Shop/Checkout.tsx, /home/amit/Documents/Final-Year-Project/pandityatra/frontend/src/pages/Shop/Samagri.tsx, /home/amit/Documents/Final-Year-Project/pandityatra/frontend/src/pages/admin/AdminBookings.tsx, /home/amit/Documents/Final-Year-Project/pandityatra/frontend/src/pages/admin/AdminDashboard.tsx, /home/amit/Documents/Final-Year-Project/pandityatra/frontend/src/pages/admin/AdminPandits.tsx, /home/amit/Documents/Final-Year-Project/pandityatra/frontend/src/pages/admin/AdminPanditsList.tsx, /home/amit/Documents/Final-Year-Project/pandityatra/frontend/src/pages/admin/AdminPayments.tsx, /home/amit/Documents/Final-Year-Project/pandityatra/frontend/src/pages/admin/AdminProfile.tsx, /home/amit/Documents/Final-Year-Project/pandityatra/frontend/src/pages/admin/AdminReviews.tsx, /home/amit/Documents/Final-Year-Project/pandityatra/frontend/src/pages/admin/AdminSamagri.tsx, /home/amit/Documents/Final-Year-Project/pandityatra/frontend/src/pages/admin/AdminServices.tsx, /home/amit/Documents/Final-Year-Project/pandityatra/frontend/src/pages/admin/AdminSiteContent.tsx, /home/amit/Documents/Final-Year-Project/pandityatra/frontend/src/pages/admin/ManageAdmins.tsx, /home/amit/Documents/Final-Year-Project/pandityatra/frontend/src/pages/customer/CustomerDashboard.tsx, /home/amit/Documents/Final-Year-Project/pandityatra/frontend/src/pages/find-pandit/PanditProfile.tsx, /home/amit/Documents/Final-Year-Project/pandityatra/frontend/src/pages/pandit/PanditAppFeedback.tsx, /home/amit/Documents/Final-Year-Project/pandityatra/frontend/src/pages/pandit/PanditDashboard.tsx, /home/amit/Documents/Final-Year-Project/pandityatra/frontend/src/pages/pandit/PanditProfile.tsx, /home/amit/Documents/Final-Year-Project/pandityatra/frontend/src/pages/pandit/PanditReviews.tsx, dynamic import will not move module into another chunk.

computing gzip size...
dist/registerSW.js                             0.13 kB
dist/manifest.webmanifest                      0.66 kB
dist/index.html                                2.31 kB │ gzip:     0.79 kB
dist/assets/Apple Logo PNG-DXQm7MfX.jpeg      51.40 kB
dist/assets/playstore-C0VWgtoM.jpeg           59.66 kB
dist/assets/PWA-DU2HBnQ_.png                  75.26 kB
dist/assets/HowPandit-DtWB5eHj.png           120.36 kB
dist/assets/calander view -4YOph-Da.webp     274.54 kB
dist/assets/sad-pandit-B7E3XLjg.png          287.93 kB
dist/assets/pandit_loging-BEyUyNrT.webp      373.45 kB
dist/assets/pandits  grp-CBND-w0L.png        417.49 kB
dist/assets/PanditYatralogo-BeLpIuY6.png     490.27 kB
dist/assets/hero 3-Photoroom-C2OSbyUQ.png    526.65 kB
dist/assets/pandi ui-DU9P1hc0.jpg            531.68 kB
dist/assets/agarbati_brands-CmjSckPy.webp    642.56 kB
dist/assets/index-B_W8EHLL.css               189.04 kB │ gzip:    31.28 kB
dist/assets/browser-ponyfill-DXr05DO_.js      10.30 kB │ gzip:     3.52 kB
dist/assets/index-CoAwg_zJ.js              4,593.91 kB │ gzip: 1,388.94 kB

(!) Some chunks are larger than 500 kB after minification. Consider:
- Using dynamic import() to code-split the application
- Use build.rollupOptions.output.manualChunks to improve chunking: https://rollupjs.org/configuration-options/#output-manualchunks
- Adjust chunk size limit for this warning via build.chunkSizeWarningLimit.
✓ built in 13.49s

PWA v1.2.0
mode      generateSW
precache  29 entries (17170.43 KiB)
files generated
  dist/sw.js
  dist/workbox-daba6f28.js
